<?xml version="1.0" encoding="UTF-8"?>
<testng-results ignored="0" total="1" passed="1" failed="0" skipped="0">
  <reporter-output>
  </reporter-output>
  <suite started-at="2025-01-16T00:35:23 CST" name="Master Suite" finished-at="2025-01-16T00:35:51 CST" duration-ms="27640">
    <groups>
      <group name="Master">
        <method signature="TC005_OrderItem.OrderItem()[pri:0, instance:testCases.TC005_OrderItem@639c2c1d]" name="OrderItem" class="testCases.TC005_OrderItem"/>
      </group> <!-- Master -->
      <group name="Sanity">
        <method signature="TC005_OrderItem.OrderItem()[pri:0, instance:testCases.TC005_OrderItem@639c2c1d]" name="OrderItem" class="testCases.TC005_OrderItem"/>
      </group> <!-- Sanity -->
    </groups>
    <test started-at="2025-01-16T00:35:23 CST" name="Test" finished-at="2025-01-16T00:35:51 CST" duration-ms="27640">
      <class name="testCases.TC005_OrderItem">
        <test-method is-config="true" signature="setup(java.lang.String,java.lang.String)[pri:0, instance:testCases.TC005_OrderItem@639c2c1d]" started-at="2025-01-16T00:35:23 CST" name="setup" finished-at="2025-01-16T00:35:27 CST" duration-ms="4127" status="PASS">
          <params>
            <param index="0">
              <value>
                <![CDATA[Windows]]>
              </value>
            </param>
            <param index="1">
              <value>
                <![CDATA[Edge]]>
              </value>
            </param>
          </params>
          <reporter-output>
          </reporter-output>
        </test-method> <!-- setup -->
        <test-method signature="OrderItem()[pri:0, instance:testCases.TC005_OrderItem@639c2c1d]" started-at="2025-01-16T00:35:28 CST" name="OrderItem" finished-at="2025-01-16T00:35:49 CST" duration-ms="21645" status="PASS">
          <reporter-output>
          </reporter-output>
        </test-method> <!-- OrderItem -->
        <test-method is-config="true" signature="tearDown()[pri:0, instance:testCases.TC005_OrderItem@639c2c1d]" started-at="2025-01-16T00:35:49 CST" name="tearDown" finished-at="2025-01-16T00:35:51 CST" duration-ms="1375" status="PASS">
          <reporter-output>
          </reporter-output>
        </test-method> <!-- tearDown -->
      </class> <!-- testCases.TC005_OrderItem -->
    </test> <!-- Test -->
  </suite> <!-- Master Suite -->
</testng-results>
